Build started 2/11/2014 5:43:00 PM.
     1>Project "C:\capstone\capstone\capstone_repo\Detection\image_detector\SRC\image_detector\image_detector\image_detector.vcxproj" on node 2 (build target(s)).
     1>InitializeBuildStatus:
         Touching "Debug\image_detector.unsuccessfulbuild".
       ClCompile:
         C:\Program Files (x86)\Microsoft Visual Studio 10.0\VC\bin\CL.exe /c /IC:\opencv246\include /Ic:\capstone\capstone\capstone_repo\detection\image_detector\src\image_detector\image_detector\ /ZI /nologo /W3 /WX- /Od /Oy- /D WIN32 /D _DEBUG /D _CONSOLE /D _UNICODE /D UNICODE /Gm /EHsc /RTC1 /MDd /GS /fp:precise /Zc:wchar_t /Zc:forScope /Fo"Debug\\" /Fd"Debug\vc100.pdb" /Gd /TP /analyze- /errorReport:prompt main.cpp
         main.cpp
     1>c:\capstone\capstone\capstone_repo\detection\image_detector\src\image_detector\image_detector\main.cpp(105): warning C4018: '<' : signed/unsigned mismatch
     1>c:\capstone\capstone\capstone_repo\detection\image_detector\src\image_detector\image_detector\main.cpp(260): warning C4244: 'initializing' : conversion from 'float' to 'int', possible loss of data
     1>c:\capstone\capstone\capstone_repo\detection\image_detector\src\image_detector\image_detector\main.cpp(230): warning C4101: 'num_roi' : unreferenced local variable
     1>c:\capstone\capstone\capstone_repo\detection\image_detector\src\image_detector\image_detector\main.cpp(321): error C2784: '_Ty *std::end(_Ty (&)[_Size])' : could not deduce template argument for '_Ty (&)[_Size]' from 'char **'
                 c:\program files (x86)\microsoft visual studio 10.0\vc\include\xutility(1002) : see declaration of 'std::end'
     1>c:\capstone\capstone\capstone_repo\detection\image_detector\src\image_detector\image_detector\main.cpp(321): error C2893: Failed to specialize function template '_Container::const_iterator std::end(const _Container &)'
                 With the following template arguments:
                 'char **'
     1>c:\capstone\capstone\capstone_repo\detection\image_detector\src\image_detector\image_detector\main.cpp(321): error C2893: Failed to specialize function template '_Container::iterator std::end(_Container &)'
                 With the following template arguments:
                 'char **'
     1>c:\capstone\capstone\capstone_repo\detection\image_detector\src\image_detector\image_detector\main.cpp(321): error C2784: '_InIt std::end(const std::pair<_InIt,_InIt> &)' : could not deduce template argument for 'const std::pair<_InIt,_InIt> &' from 'char **'
                 c:\program files (x86)\microsoft visual studio 10.0\vc\include\utility(407) : see declaration of 'std::end'
     1>c:\capstone\capstone\capstone_repo\detection\image_detector\src\image_detector\image_detector\main.cpp(321): error C2664: 'std::vector<_Ty>::vector(unsigned int,const _Ty &)' : cannot convert parameter 1 from 'char **' to 'unsigned int'
                 with
                 [
                     _Ty=cv::String
                 ]
                 There is no context in which this conversion is possible
     1>c:\capstone\capstone\capstone_repo\detection\image_detector\src\image_detector\image_detector\main.cpp(344): error C2059: syntax error : '}'
     1>c:\capstone\capstone\capstone_repo\detection\image_detector\src\image_detector\image_detector\main.cpp(344): error C2143: syntax error : missing ';' before '}'
     1>c:\capstone\capstone\capstone_repo\detection\image_detector\src\image_detector\image_detector\main.cpp(344): error C2059: syntax error : '}'
     1>Done Building Project "C:\capstone\capstone\capstone_repo\Detection\image_detector\SRC\image_detector\image_detector\image_detector.vcxproj" (build target(s)) -- FAILED.

Build FAILED.

Time Elapsed 00:00:05.46
